Using pre-set license
Built from '2021.1/staging' branch; Version is '2021.1.12f1 (afcadd793de6) revision 11520733'; Using compiler version '192528614'; Build Type 'Release'
OS: 'Windows 10 Home; OS build 19042.1466; Version 2009; 64bit' Language: 'en' Physical Memory: 32644 MB
BatchMode: 1, IsHumanControllingUs: 0, StartBugReporterOnCrash: 0, Is64bit: 1, IsPro: 0

 COMMAND LINE ARGUMENTS:
D:\Unity Hub\Editor\2021.1.12f1\Editor\Unity.exe
-adb2
-batchMode
-noUpm
-name
AssetImportWorker0
-projectPath
C:/Users/reese/Desktop/Pedestrian-System/Pedestrian System
-logFile
Logs/AssetImportWorker0.log
-srvPort
51717
Successfully changed project path to: C:/Users/reese/Desktop/Pedestrian-System/Pedestrian System
C:/Users/reese/Desktop/Pedestrian-System/Pedestrian System
Using Asset Import Pipeline V2.
Refreshing native plugins compatible for Editor in 90.43 ms, found 3 plugins.
Preloading 0 native plugins for Editor in 0.00 ms.
Initialize engine version: 2021.1.12f1 (afcadd793de6)
[Subsystems] Discovering subsystems at path D:/Unity Hub/Editor/2021.1.12f1/Editor/Data/Resources/UnitySubsystems
[Subsystems] Discovering subsystems at path C:/Users/reese/Desktop/Pedestrian-System/Pedestrian System/Assets
GfxDevice: creating device client; threaded=0; jobified=0
Direct3D:
    Version:  Direct3D 11.0 [level 11.1]
    Renderer: NVIDIA GeForce GTX 1060 6GB (ID=0x1c03)
    Vendor:   NVIDIA
    VRAM:     6052 MB
    Driver:   30.0.14.7168
Initialize mono
Mono path[0] = 'D:/Unity Hub/Editor/2021.1.12f1/Editor/Data/Managed'
Mono path[1] = 'D:/Unity Hub/Editor/2021.1.12f1/Editor/Data/MonoBleedingEdge/lib/mono/unityjit'
Mono config path = 'D:/Unity Hub/Editor/2021.1.12f1/Editor/Data/MonoBleedingEdge/etc'
Using monoOptions --debugger-agent=transport=dt_socket,embedding=1,server=y,suspend=n,address=127.0.0.1:56624
Begin MonoManager ReloadAssembly
Registering precompiled unity dll's ...
Register platform support module: D:/Unity Hub/Editor/2021.1.12f1/Editor/Data/PlaybackEngines/WindowsStandaloneSupport/UnityEditor.WindowsStandalone.Extensions.dll
Registered in 0.001208 seconds.
Native extension for WindowsStandalone target not found
Refreshing native plugins compatible for Editor in 97.64 ms, found 3 plugins.
Preloading 0 native plugins for Editor in 0.00 ms.
Mono: successfully reloaded assembly
- Completed reload, in  1.296 seconds
Domain Reload Profiling:
	ReloadAssembly (1296ms)
		BeginReloadAssembly (84ms)
			ExecutionOrderSort (0ms)
			DisableScriptedObjects (0ms)
			BackupInstance (0ms)
			ReleaseScriptingObjects (0ms)
			CreateAndSetChildDomain (1ms)
		EndReloadAssembly (543ms)
			LoadAssemblies (87ms)
			RebuildTransferFunctionScriptingTraits (0ms)
			SetupTypeCache (198ms)
			ReleaseScriptCaches (0ms)
			RebuildScriptCaches (38ms)
			SetupLoadedEditorAssemblies (253ms)
				LogAssemblyErrors (0ms)
				InitializePlatformSupportModulesInManaged (6ms)
				SetLoadedEditorAssemblies (0ms)
				RefreshPlugins (98ms)
				BeforeProcessingInitializeOnLoad (1ms)
				ProcessInitializeOnLoadAttributes (111ms)
				ProcessInitializeOnLoadMethodAttributes (36ms)
				AfterProcessingInitializeOnLoad (0ms)
				EditorAssembliesLoaded (0ms)
			ExecutionOrderSort2 (0ms)
			AwakeInstancesAfterBackupRestoration (0ms)
Platform modules already initialized, skipping
Registering precompiled user dll's ...
Registered in 0.064157 seconds.
Begin MonoManager ReloadAssembly
Symbol file LoadedFromMemory doesn't match image C:\Users\reese\Desktop\Pedestrian-System\Pedestrian System\Library\PackageCache\com.unity.visualscripting@1.6.1\Editor\VisualScripting.Core\Dependencies\YamlDotNet\Unity.VisualScripting.YamlDotNet.dll
Symbol file LoadedFromMemory doesn't match image C:\Users\reese\Desktop\Pedestrian-System\Pedestrian System\Library\PackageCache\com.unity.visualscripting@1.6.1\Editor\VisualScripting.Core\Dependencies\DotNetZip\Unity.VisualScripting.IonicZip.dll
Native extension for WindowsStandalone target not found
Refreshing native plugins compatible for Editor in 0.58 ms, found 3 plugins.
Preloading 0 native plugins for Editor in 0.00 ms.
Mono: successfully reloaded assembly
- Completed reload, in  1.517 seconds
Domain Reload Profiling:
	ReloadAssembly (1518ms)
		BeginReloadAssembly (206ms)
			ExecutionOrderSort (0ms)
			DisableScriptedObjects (5ms)
			BackupInstance (0ms)
			ReleaseScriptingObjects (0ms)
			CreateAndSetChildDomain (25ms)
		EndReloadAssembly (1244ms)
			LoadAssemblies (292ms)
			RebuildTransferFunctionScriptingTraits (0ms)
			SetupTypeCache (439ms)
			ReleaseScriptCaches (1ms)
			RebuildScriptCaches (64ms)
			SetupLoadedEditorAssemblies (359ms)
				LogAssemblyErrors (0ms)
				InitializePlatformSupportModulesInManaged (7ms)
				SetLoadedEditorAssemblies (0ms)
				RefreshPlugins (1ms)
				BeforeProcessingInitializeOnLoad (94ms)
				ProcessInitializeOnLoadAttributes (246ms)
				ProcessInitializeOnLoadMethodAttributes (8ms)
				AfterProcessingInitializeOnLoad (2ms)
				EditorAssembliesLoaded (0ms)
			ExecutionOrderSort2 (0ms)
			AwakeInstancesAfterBackupRestoration (7ms)
Platform modules already initialized, skipping
========================================================================
Worker process is ready to serve import requests
Launched and connected shader compiler UnityShaderCompiler.exe after 0.07 seconds
Refreshing native plugins compatible for Editor in 0.53 ms, found 3 plugins.
Preloading 0 native plugins for Editor in 0.00 ms.
Unloading 2947 Unused Serialized files (Serialized files now loaded: 0)
System memory in use before: 106.2 MB.
System memory in use after: 106.3 MB.

Unloading 23 unused Assets to reduce memory usage. Loaded Objects now: 3392.
Total: 2.389500 ms (FindLiveObjects: 0.213400 ms CreateObjectMapping: 0.128500 ms MarkObjects: 1.974000 ms  DeleteObjects: 0.072800 ms)

AssetImportParameters requested are different than current active one (requested -> active):
  custom:framework-win-MediaFoundation: 216162199b28c13a410421893ffa2e32 -> 
  custom:video-decoder-ogg-theora: a1e56fd34408186e4bbccfd4996cb3dc -> 
  custom:container-muxer-webm: aa71ff27fc2769a1b78a27578f13a17b -> 
  custom:container-demuxer-webm: 4f35f7cbe854078d1ac9338744f61a02 -> 
  custom:container-demuxer-ogg: 62fdf1f143b41e24485cea50d1cbac27 -> 
  custom:video-encoder-webm-vp8: eb34c28f22e8b96e1ab97ce403110664 -> 
  custom:video-decoder-webm-vp8: 9c59270c3fd7afecdb556c50c9e8de78 -> 
  custom:audio-decoder-ogg-vorbis: bf7c407c2cedff20999df2af8eb42d56 -> 
  custom:audio-encoder-webm-vorbis: bf7c407c2cedff20999df2af8eb42d56 -> 
========================================================================
Received Import Request.
  path: Assets/Models/Building.prefab
  artifactKey: Guid(093d5da0836d5c04ab6f9b58fe60cc1d) Importer(815301076,1909f56bfc062723c751e8b465ee728b)
Start importing Assets/Models/Building.prefab using Guid(093d5da0836d5c04ab6f9b58fe60cc1d) Importer(815301076,1909f56bfc062723c751e8b465ee728b)  -> (artifact id: '3a643cf980b039d02fca0dd07fc59244') in 0.058156 seconds 
========================================================================
Received Import Request.
  Time since last request: 56.448563 seconds.
  path: Assets/Models/Bench1.fbx
  artifactKey: Guid(b469902dddd49cf46966a710a311de18) Importer(815301076,1909f56bfc062723c751e8b465ee728b)
Start importing Assets/Models/Bench1.fbx using Guid(b469902dddd49cf46966a710a311de18) Importer(815301076,1909f56bfc062723c751e8b465ee728b)  -> (artifact id: '3fa3dfe458ab3df246ab248323332a2c') in 0.165456 seconds 
========================================================================
Received Import Request.
  Time since last request: 10.282980 seconds.
  path: Assets/Models/FlowerBed1.fbx
  artifactKey: Guid(75503b682d098d44788ce77991fce70f) Importer(815301076,1909f56bfc062723c751e8b465ee728b)
Start importing Assets/Models/FlowerBed1.fbx using Guid(75503b682d098d44788ce77991fce70f) Importer(815301076,1909f56bfc062723c751e8b465ee728b)  -> (artifact id: 'e1e7d2e722090876497e057db5938c07') in 0.024076 seconds 
========================================================================
Received Import Request.
  Time since last request: 2.146582 seconds.
  path: Assets/Models/FlowerBed2.fbx
  artifactKey: Guid(b925c7ea4e2d7eb4f94ee78cf2bfff90) Importer(815301076,1909f56bfc062723c751e8b465ee728b)
Start importing Assets/Models/FlowerBed2.fbx using Guid(b925c7ea4e2d7eb4f94ee78cf2bfff90) Importer(815301076,1909f56bfc062723c751e8b465ee728b)  -> (artifact id: '7cb3a91f5d34b2c1c52c5d6de0cd8da8') in 0.020223 seconds 
========================================================================
Received Import Request.
  Time since last request: 7.735115 seconds.
  path: Assets/Models/Fountain1 1.fbx
  artifactKey: Guid(c3556eaaa157b9c4ba06b82ab04c8fe2) Importer(815301076,1909f56bfc062723c751e8b465ee728b)
Start importing Assets/Models/Fountain1 1.fbx using Guid(c3556eaaa157b9c4ba06b82ab04c8fe2) Importer(815301076,1909f56bfc062723c751e8b465ee728b)  -> (artifact id: 'ca7a6ba858303e971ba7b7812da03d63') in 0.044194 seconds 
========================================================================
Received Import Request.
  Time since last request: 11.046376 seconds.
  path: Assets/Models/LightsSign.fbx
  artifactKey: Guid(9a11c96e7f1644a418328e73d46e9146) Importer(815301076,1909f56bfc062723c751e8b465ee728b)
Start importing Assets/Models/LightsSign.fbx using Guid(9a11c96e7f1644a418328e73d46e9146) Importer(815301076,1909f56bfc062723c751e8b465ee728b)  -> (artifact id: 'b34f3ee301927b296f4257eeb8f8644c') in 0.066961 seconds 
========================================================================
Received Import Request.
  Time since last request: 6.875365 seconds.
  path: Assets/Models/LongBuilding1.fbx
  artifactKey: Guid(00e6615fc148845438854027f16d5600) Importer(815301076,1909f56bfc062723c751e8b465ee728b)
Start importing Assets/Models/LongBuilding1.fbx using Guid(00e6615fc148845438854027f16d5600) Importer(815301076,1909f56bfc062723c751e8b465ee728b)  -> (artifact id: 'dcd9db221350d676a3290a30609f2bf0') in 0.074694 seconds 
========================================================================
Received Import Request.
  Time since last request: 6.297837 seconds.
  path: Assets/Models/Sign1.fbx
  artifactKey: Guid(489f76ff514c89f43b0f66171c097986) Importer(815301076,1909f56bfc062723c751e8b465ee728b)
Start importing Assets/Models/Sign1.fbx using Guid(489f76ff514c89f43b0f66171c097986) Importer(815301076,1909f56bfc062723c751e8b465ee728b)  -> (artifact id: '02608139c6b634b0f397bc6212d06af2') in 0.043527 seconds 
========================================================================
Received Import Request.
  Time since last request: 5.461913 seconds.
  path: Assets/Models/Sign2.fbx
  artifactKey: Guid(ab52dee58f3f822469eab7ab953bf146) Importer(815301076,1909f56bfc062723c751e8b465ee728b)
Start importing Assets/Models/Sign2.fbx using Guid(ab52dee58f3f822469eab7ab953bf146) Importer(815301076,1909f56bfc062723c751e8b465ee728b)  -> (artifact id: 'd1bd5455bc60f8d796da724c82d75e97') in 0.028693 seconds 
========================================================================
Received Import Request.
  Time since last request: 28.186459 seconds.
  path: Assets/Prefabs/Zebra Crossing.prefab
  artifactKey: Guid(4db078c76640bea46a57097ababcc579) Importer(815301076,1909f56bfc062723c751e8b465ee728b)
Start importing Assets/Prefabs/Zebra Crossing.prefab using Guid(4db078c76640bea46a57097ababcc579) Importer(815301076,1909f56bfc062723c751e8b465ee728b)  -> (artifact id: '0a614aa46f5a2ab55da035212de2a270') in 0.015289 seconds 
========================================================================
Received Import Request.
  Time since last request: 178.064507 seconds.
  path: Assets/Materials/stuffpalet.mat
  artifactKey: Guid(435dab75b438e424ebc704cd271cf2ec) Importer(815301076,1909f56bfc062723c751e8b465ee728b)
Start importing Assets/Materials/stuffpalet.mat using Guid(435dab75b438e424ebc704cd271cf2ec) Importer(815301076,1909f56bfc062723c751e8b465ee728b)  -> (artifact id: 'a65c7ebcc70fc1a8e9a72c0002eabe64') in 0.015045 seconds 
========================================================================
Received Import Request.
  Time since last request: 22.252267 seconds.
  path: Assets/Materials/stuffpalet.png
  artifactKey: Guid(1597c500f16368842a330d7ab815104f) Importer(815301076,1909f56bfc062723c751e8b465ee728b)
Start importing Assets/Materials/stuffpalet.png using Guid(1597c500f16368842a330d7ab815104f) Importer(815301076,1909f56bfc062723c751e8b465ee728b)  -> (artifact id: '9cdd719c211165f861ec8e06d7a0f6a1') in 0.054393 seconds 
========================================================================
Received Import Request.
  Time since last request: 5.840186 seconds.
  path: Assets/Materials/New Material.mat
  artifactKey: Guid(2a0c04334c8ec6d4c940145f72e245b0) Importer(815301076,1909f56bfc062723c751e8b465ee728b)
Start importing Assets/Materials/New Material.mat using Guid(2a0c04334c8ec6d4c940145f72e245b0) Importer(815301076,1909f56bfc062723c751e8b465ee728b)  -> (artifact id: 'f36df6ceab96ec34a9a098bbe458de36') in 0.014782 seconds 
========================================================================
Received Import Request.
  Time since last request: 9.021778 seconds.
  path: Assets/Materials/Materials
  artifactKey: Guid(e4fe8d1cb017a864f9aad57861d43917) Importer(815301076,1909f56bfc062723c751e8b465ee728b)
Start importing Assets/Materials/Materials using Guid(e4fe8d1cb017a864f9aad57861d43917) Importer(815301076,1909f56bfc062723c751e8b465ee728b)  -> (artifact id: '12cd7211552042955d9a4516671794c8') in 0.004212 seconds 
========================================================================
Received Import Request.
  Time since last request: 0.124607 seconds.
  path: Assets/Materials/Materials/stuffpalet.mat
  artifactKey: Guid(df45a4aeed7d20743900d8cff2705b50) Importer(815301076,1909f56bfc062723c751e8b465ee728b)
Start importing Assets/Materials/Materials/stuffpalet.mat using Guid(df45a4aeed7d20743900d8cff2705b50) Importer(815301076,1909f56bfc062723c751e8b465ee728b)  -> (artifact id: '240c3063d5062912b899b064645e1d9d') in 0.011652 seconds 
========================================================================
Received Import Request.
  Time since last request: 7.343430 seconds.
  path: Assets/Materials/Materials/stuffpalet - Copy.mat
  artifactKey: Guid(df45a4aeed7d20743900d8cff2705b50) Importer(815301076,1909f56bfc062723c751e8b465ee728b)
Start importing Assets/Materials/Materials/stuffpalet - Copy.mat using Guid(df45a4aeed7d20743900d8cff2705b50) Importer(815301076,1909f56bfc062723c751e8b465ee728b)  -> (artifact id: '72457363b820312efb6f2437b47c11a5') in 0.016548 seconds 
========================================================================
Received Import Request.
  Time since last request: 38.918995 seconds.
  path: Assets/Materials/Materials/stuffpalet - Copy - Copy.mat
  artifactKey: Guid(df45a4aeed7d20743900d8cff2705b50) Importer(815301076,1909f56bfc062723c751e8b465ee728b)
Start importing Assets/Materials/Materials/stuffpalet - Copy - Copy.mat using Guid(df45a4aeed7d20743900d8cff2705b50) Importer(815301076,1909f56bfc062723c751e8b465ee728b)  -> (artifact id: 'b0833d6b8212915a3cb4c499edf0fb74') in 0.017275 seconds 
========================================================================
Received Import Request.
  Time since last request: 14.995148 seconds.
  path: Assets/Materials/Materials/Stuff and Things.mat
  artifactKey: Guid(df45a4aeed7d20743900d8cff2705b50) Importer(815301076,1909f56bfc062723c751e8b465ee728b)
Start importing Assets/Materials/Materials/Stuff and Things.mat using Guid(df45a4aeed7d20743900d8cff2705b50) Importer(815301076,1909f56bfc062723c751e8b465ee728b)  -> (artifact id: '962ac5b56803485719d10030b89950e6') in 0.013693 seconds 
========================================================================
Received Import Request.
  Time since last request: 63.844707 seconds.
  path: Assets/Materials/Buildings
  artifactKey: Guid(e4fe8d1cb017a864f9aad57861d43917) Importer(815301076,1909f56bfc062723c751e8b465ee728b)
Start importing Assets/Materials/Buildings using Guid(e4fe8d1cb017a864f9aad57861d43917) Importer(815301076,1909f56bfc062723c751e8b465ee728b)  -> (artifact id: 'a6fa0230b4fe6b5a67dbdee8ebe6f3f3') in 0.005210 seconds 
========================================================================
Received Import Request.
  Time since last request: 11.316964 seconds.
  path: Assets/Prefabs/Bench1.prefab
  artifactKey: Guid(c2877b6468f9d82448e2ffa7020ba332) Importer(815301076,1909f56bfc062723c751e8b465ee728b)
Start importing Assets/Prefabs/Bench1.prefab using Guid(c2877b6468f9d82448e2ffa7020ba332) Importer(815301076,1909f56bfc062723c751e8b465ee728b)  -> (artifact id: 'b7c69b280cf9475ab6fcad08ef5452c3') in 0.016819 seconds 
========================================================================
Received Import Request.
  Time since last request: 6.785855 seconds.
  path: Assets/Prefabs/Bench.prefab
  artifactKey: Guid(c2877b6468f9d82448e2ffa7020ba332) Importer(815301076,1909f56bfc062723c751e8b465ee728b)
Start importing Assets/Prefabs/Bench.prefab using Guid(c2877b6468f9d82448e2ffa7020ba332) Importer(815301076,1909f56bfc062723c751e8b465ee728b)  -> (artifact id: 'a2f30eb206a86b59f94ed5c889e93f72') in 0.019746 seconds 
========================================================================
Received Import Request.
  Time since last request: 184.210994 seconds.
  path: Assets/Materials/Materials
  artifactKey: Guid(86dd365952b65cf4c8230cb401c8fb53) Importer(815301076,1909f56bfc062723c751e8b465ee728b)
Start importing Assets/Materials/Materials using Guid(86dd365952b65cf4c8230cb401c8fb53) Importer(815301076,1909f56bfc062723c751e8b465ee728b)  -> (artifact id: '603f4b4d70e2364934b97d8428f4fd60') in 0.004027 seconds 
========================================================================
Received Import Request.
  Time since last request: 0.063333 seconds.
  path: Assets/Materials/Materials/NPallet.mat
  artifactKey: Guid(b5cfbcb72a9c3594e91673db7e1214e5) Importer(815301076,1909f56bfc062723c751e8b465ee728b)
Start importing Assets/Materials/Materials/NPallet.mat using Guid(b5cfbcb72a9c3594e91673db7e1214e5) Importer(815301076,1909f56bfc062723c751e8b465ee728b)  -> (artifact id: '9835d81d9c7391eed783649312bc58e4') in 0.013987 seconds 
========================================================================
Received Import Request.
  Time since last request: 41.586477 seconds.
  path: Assets/Materials/Buildings/Water.mat
  artifactKey: Guid(2e125bb7e078499499c5d7b662bb1211) Importer(815301076,1909f56bfc062723c751e8b465ee728b)
Start importing Assets/Materials/Buildings/Water.mat using Guid(2e125bb7e078499499c5d7b662bb1211) Importer(815301076,1909f56bfc062723c751e8b465ee728b)  -> (artifact id: 'c97a8e64e54dcebd6e6f69cdc30c35d2') in 0.011384 seconds 
========================================================================
Received Import Request.
  Time since last request: 48.159512 seconds.
  path: Assets/Materials/Buildings/Metal.mat
  artifactKey: Guid(010b9c755732cfe4a9799309b4cd63c9) Importer(815301076,1909f56bfc062723c751e8b465ee728b)
Start importing Assets/Materials/Buildings/Metal.mat using Guid(010b9c755732cfe4a9799309b4cd63c9) Importer(815301076,1909f56bfc062723c751e8b465ee728b)  -> (artifact id: '54785ed7247a1289b6542637264cab74') in 0.011987 seconds 
========================================================================
Received Import Request.
  Time since last request: 114.047168 seconds.
  path: Assets/Prefabs/FlowerBed type 1.prefab
  artifactKey: Guid(02b07e9b772e01149838bdd09c3f9b4d) Importer(815301076,1909f56bfc062723c751e8b465ee728b)
Start importing Assets/Prefabs/FlowerBed type 1.prefab using Guid(02b07e9b772e01149838bdd09c3f9b4d) Importer(815301076,1909f56bfc062723c751e8b465ee728b)  -> (artifact id: '06f13b7b3c3c4b2b176c337560ed5824') in 0.014351 seconds 
========================================================================
Received Import Request.
  Time since last request: 2.998746 seconds.
  path: Assets/Prefabs/FlowerBed type 2.prefab
  artifactKey: Guid(049e42f20bd0798418cefd99ea2f12fc) Importer(815301076,1909f56bfc062723c751e8b465ee728b)
Start importing Assets/Prefabs/FlowerBed type 2.prefab using Guid(049e42f20bd0798418cefd99ea2f12fc) Importer(815301076,1909f56bfc062723c751e8b465ee728b)  -> (artifact id: 'f58595da445881a7da8f444d95a57963') in 0.014502 seconds 
========================================================================
Received Import Request.
  Time since last request: 2.446566 seconds.
  path: Assets/Prefabs/Fountain1 1.prefab
  artifactKey: Guid(2f2b24fd113cd5a4a963226eb90d76ad) Importer(815301076,1909f56bfc062723c751e8b465ee728b)
Start importing Assets/Prefabs/Fountain1 1.prefab using Guid(2f2b24fd113cd5a4a963226eb90d76ad) Importer(815301076,1909f56bfc062723c751e8b465ee728b)  -> (artifact id: '8331557e9389b59cda31181f0e3b3a8a') in 0.016106 seconds 
========================================================================
Received Import Request.
  Time since last request: 2554.174113 seconds.
  path: Assets/Prefabs/LongBuilding1.prefab
  artifactKey: Guid(875e7471a9defc54db8e99f00ffb488a) Importer(815301076,1909f56bfc062723c751e8b465ee728b)
Start importing Assets/Prefabs/LongBuilding1.prefab using Guid(875e7471a9defc54db8e99f00ffb488a) Importer(815301076,1909f56bfc062723c751e8b465ee728b)  -> (artifact id: 'd61f2bc4305483bdb90c95b69db18f0a') in 0.016803 seconds 
========================================================================
Received Prepare
Registering precompiled user dll's ...
Registered in 0.012314 seconds.
Begin MonoManager ReloadAssembly
Symbol file LoadedFromMemory doesn't match image C:\Users\reese\Desktop\Pedestrian-System\Pedestrian System\Library\PackageCache\com.unity.visualscripting@1.6.1\Editor\VisualScripting.Core\Dependencies\YamlDotNet\Unity.VisualScripting.YamlDotNet.dll
Symbol file LoadedFromMemory doesn't match image C:\Users\reese\Desktop\Pedestrian-System\Pedestrian System\Library\PackageCache\com.unity.visualscripting@1.6.1\Editor\VisualScripting.Core\Dependencies\DotNetZip\Unity.VisualScripting.IonicZip.dll
Native extension for WindowsStandalone target not found
Refreshing native plugins compatible for Editor in 0.66 ms, found 3 plugins.
Preloading 0 native plugins for Editor in 0.00 ms.
Mono: successfully reloaded assembly
- Completed reload, in  1.271 seconds
Domain Reload Profiling:
	ReloadAssembly (1271ms)
		BeginReloadAssembly (171ms)
			ExecutionOrderSort (0ms)
			DisableScriptedObjects (4ms)
			BackupInstance (0ms)
			ReleaseScriptingObjects (0ms)
			CreateAndSetChildDomain (46ms)
		EndReloadAssembly (1034ms)
			LoadAssemblies (153ms)
			RebuildTransferFunctionScriptingTraits (0ms)
			SetupTypeCache (410ms)
			ReleaseScriptCaches (1ms)
			RebuildScriptCaches (47ms)
			SetupLoadedEditorAssemblies (329ms)
				LogAssemblyErrors (0ms)
				InitializePlatformSupportModulesInManaged (7ms)
				SetLoadedEditorAssemblies (1ms)
				RefreshPlugins (1ms)
				BeforeProcessingInitializeOnLoad (55ms)
				ProcessInitializeOnLoadAttributes (257ms)
				ProcessInitializeOnLoadMethodAttributes (6ms)
				AfterProcessingInitializeOnLoad (3ms)
				EditorAssembliesLoaded (0ms)
			ExecutionOrderSort2 (0ms)
			AwakeInstancesAfterBackupRestoration (15ms)
Platform modules already initialized, skipping
Refreshing native plugins compatible for Editor in 0.66 ms, found 3 plugins.
Preloading 0 native plugins for Editor in 0.00 ms.
Unloading 2943 Unused Serialized files (Serialized files now loaded: 0)
System memory in use before: 112.0 MB.
System memory in use after: 112.2 MB.

Unloading 19 unused Assets to reduce memory usage. Loaded Objects now: 3455.
Total: 4.130600 ms (FindLiveObjects: 0.518200 ms CreateObjectMapping: 0.506000 ms MarkObjects: 2.990400 ms  DeleteObjects: 0.113100 ms)

AssetImportParameters requested are different than current active one (requested -> active):
  custom:framework-win-MediaFoundation: 216162199b28c13a410421893ffa2e32 -> 
  custom:video-decoder-ogg-theora: a1e56fd34408186e4bbccfd4996cb3dc -> 
  custom:container-muxer-webm: aa71ff27fc2769a1b78a27578f13a17b -> 
  custom:container-demuxer-webm: 4f35f7cbe854078d1ac9338744f61a02 -> 
  custom:container-demuxer-ogg: 62fdf1f143b41e24485cea50d1cbac27 -> 
  custom:video-encoder-webm-vp8: eb34c28f22e8b96e1ab97ce403110664 -> 
  custom:video-decoder-webm-vp8: 9c59270c3fd7afecdb556c50c9e8de78 -> 
  custom:audio-decoder-ogg-vorbis: bf7c407c2cedff20999df2af8eb42d56 -> 
  custom:audio-encoder-webm-vorbis: bf7c407c2cedff20999df2af8eb42d56 -> 
========================================================================
Received Import Request.
  Time since last request: 770.881152 seconds.
  path: Assets/Scripts/AI Waypoints/PedestrianSpawner.cs
  artifactKey: Guid(2d6995449008fec409e70d56fc354b16) Importer(815301076,1909f56bfc062723c751e8b465ee728b)
Start importing Assets/Scripts/AI Waypoints/PedestrianSpawner.cs using Guid(2d6995449008fec409e70d56fc354b16) Importer(815301076,1909f56bfc062723c751e8b465ee728b)  -> (artifact id: '099ab42f13689c25ccd87959ba5f066a') in 0.021467 seconds 
========================================================================
Received Prepare
Registering precompiled user dll's ...
Registered in 0.024283 seconds.
Begin MonoManager ReloadAssembly
Symbol file LoadedFromMemory doesn't match image C:\Users\reese\Desktop\Pedestrian-System\Pedestrian System\Library\PackageCache\com.unity.visualscripting@1.6.1\Editor\VisualScripting.Core\Dependencies\YamlDotNet\Unity.VisualScripting.YamlDotNet.dll
Symbol file LoadedFromMemory doesn't match image C:\Users\reese\Desktop\Pedestrian-System\Pedestrian System\Library\PackageCache\com.unity.visualscripting@1.6.1\Editor\VisualScripting.Core\Dependencies\DotNetZip\Unity.VisualScripting.IonicZip.dll
Native extension for WindowsStandalone target not found
Refreshing native plugins compatible for Editor in 1.01 ms, found 3 plugins.
Preloading 0 native plugins for Editor in 0.00 ms.
Mono: successfully reloaded assembly
- Completed reload, in  1.113 seconds
Domain Reload Profiling:
	ReloadAssembly (1113ms)
		BeginReloadAssembly (151ms)
			ExecutionOrderSort (0ms)
			DisableScriptedObjects (6ms)
			BackupInstance (0ms)
			ReleaseScriptingObjects (0ms)
			CreateAndSetChildDomain (47ms)
		EndReloadAssembly (901ms)
			LoadAssemblies (138ms)
			RebuildTransferFunctionScriptingTraits (0ms)
			SetupTypeCache (343ms)
			ReleaseScriptCaches (1ms)
			RebuildScriptCaches (40ms)
			SetupLoadedEditorAssemblies (300ms)
				LogAssemblyErrors (0ms)
				InitializePlatformSupportModulesInManaged (5ms)
				SetLoadedEditorAssemblies (1ms)
				RefreshPlugins (1ms)
				BeforeProcessingInitializeOnLoad (50ms)
				ProcessInitializeOnLoadAttributes (236ms)
				ProcessInitializeOnLoadMethodAttributes (5ms)
				AfterProcessingInitializeOnLoad (3ms)
				EditorAssembliesLoaded (0ms)
			ExecutionOrderSort2 (0ms)
			AwakeInstancesAfterBackupRestoration (13ms)
Platform modules already initialized, skipping
Refreshing native plugins compatible for Editor in 0.82 ms, found 3 plugins.
Preloading 0 native plugins for Editor in 0.00 ms.
Unloading 2942 Unused Serialized files (Serialized files now loaded: 0)
System memory in use before: 112.1 MB.
System memory in use after: 112.3 MB.

Unloading 18 unused Assets to reduce memory usage. Loaded Objects now: 3458.
Total: 2.894200 ms (FindLiveObjects: 0.341500 ms CreateObjectMapping: 0.184600 ms MarkObjects: 2.310800 ms  DeleteObjects: 0.055000 ms)

AssetImportParameters requested are different than current active one (requested -> active):
  custom:framework-win-MediaFoundation: 216162199b28c13a410421893ffa2e32 -> 
  custom:video-decoder-ogg-theora: a1e56fd34408186e4bbccfd4996cb3dc -> 
  custom:container-muxer-webm: aa71ff27fc2769a1b78a27578f13a17b -> 
  custom:container-demuxer-webm: 4f35f7cbe854078d1ac9338744f61a02 -> 
  custom:container-demuxer-ogg: 62fdf1f143b41e24485cea50d1cbac27 -> 
  custom:video-encoder-webm-vp8: eb34c28f22e8b96e1ab97ce403110664 -> 
  custom:video-decoder-webm-vp8: 9c59270c3fd7afecdb556c50c9e8de78 -> 
  custom:audio-decoder-ogg-vorbis: bf7c407c2cedff20999df2af8eb42d56 -> 
  custom:audio-encoder-webm-vorbis: bf7c407c2cedff20999df2af8eb42d56 -> 
========================================================================
Received Prepare
Registering precompiled user dll's ...
Registered in 0.008950 seconds.
Begin MonoManager ReloadAssembly
Symbol file LoadedFromMemory doesn't match image C:\Users\reese\Desktop\Pedestrian-System\Pedestrian System\Library\PackageCache\com.unity.visualscripting@1.6.1\Editor\VisualScripting.Core\Dependencies\YamlDotNet\Unity.VisualScripting.YamlDotNet.dll
Symbol file LoadedFromMemory doesn't match image C:\Users\reese\Desktop\Pedestrian-System\Pedestrian System\Library\PackageCache\com.unity.visualscripting@1.6.1\Editor\VisualScripting.Core\Dependencies\DotNetZip\Unity.VisualScripting.IonicZip.dll
Native extension for WindowsStandalone target not found
Refreshing native plugins compatible for Editor in 0.67 ms, found 3 plugins.
Preloading 0 native plugins for Editor in 0.00 ms.
Mono: successfully reloaded assembly
- Completed reload, in  1.067 seconds
Domain Reload Profiling:
	ReloadAssembly (1067ms)
		BeginReloadAssembly (141ms)
			ExecutionOrderSort (0ms)
			DisableScriptedObjects (5ms)
			BackupInstance (0ms)
			ReleaseScriptingObjects (0ms)
			CreateAndSetChildDomain (34ms)
		EndReloadAssembly (871ms)
			LoadAssemblies (129ms)
			RebuildTransferFunctionScriptingTraits (0ms)
			SetupTypeCache (337ms)
			ReleaseScriptCaches (1ms)
			RebuildScriptCaches (41ms)
			SetupLoadedEditorAssemblies (281ms)
				LogAssemblyErrors (0ms)
				InitializePlatformSupportModulesInManaged (5ms)
				SetLoadedEditorAssemblies (1ms)
				RefreshPlugins (1ms)
				BeforeProcessingInitializeOnLoad (51ms)
				ProcessInitializeOnLoadAttributes (216ms)
				ProcessInitializeOnLoadMethodAttributes (5ms)
				AfterProcessingInitializeOnLoad (3ms)
				EditorAssembliesLoaded (0ms)
			ExecutionOrderSort2 (0ms)
			AwakeInstancesAfterBackupRestoration (12ms)
Platform modules already initialized, skipping
Refreshing native plugins compatible for Editor in 0.67 ms, found 3 plugins.
Preloading 0 native plugins for Editor in 0.00 ms.
Unloading 2942 Unused Serialized files (Serialized files now loaded: 0)
System memory in use before: 112.1 MB.
System memory in use after: 112.3 MB.

Unloading 18 unused Assets to reduce memory usage. Loaded Objects now: 3461.
Total: 3.404400 ms (FindLiveObjects: 0.347300 ms CreateObjectMapping: 0.226200 ms MarkObjects: 2.744300 ms  DeleteObjects: 0.077700 ms)

AssetImportParameters requested are different than current active one (requested -> active):
  custom:framework-win-MediaFoundation: 216162199b28c13a410421893ffa2e32 -> 
  custom:video-decoder-ogg-theora: a1e56fd34408186e4bbccfd4996cb3dc -> 
  custom:container-muxer-webm: aa71ff27fc2769a1b78a27578f13a17b -> 
  custom:container-demuxer-webm: 4f35f7cbe854078d1ac9338744f61a02 -> 
  custom:container-demuxer-ogg: 62fdf1f143b41e24485cea50d1cbac27 -> 
  custom:video-encoder-webm-vp8: eb34c28f22e8b96e1ab97ce403110664 -> 
  custom:video-decoder-webm-vp8: 9c59270c3fd7afecdb556c50c9e8de78 -> 
  custom:audio-decoder-ogg-vorbis: bf7c407c2cedff20999df2af8eb42d56 -> 
  custom:audio-encoder-webm-vorbis: bf7c407c2cedff20999df2af8eb42d56 -> 
AssetImportWorkerClient::OnTransportError - code=2 error=End of file
